<?xml version="1.0" encoding="UTF-8"?>
<testng-results ignored="0" total="10" passed="7" failed="3" skipped="0">
  <reporter-output>
  </reporter-output>
  <suite started-at="2022-01-18T16:10:02 GMT+05:30" name="Default suite" finished-at="2022-01-18T16:12:45 GMT+05:30" duration-ms="162383">
    <groups>
    </groups>
    <test started-at="2022-01-18T16:10:02 GMT+05:30" name="Default test" finished-at="2022-01-18T16:12:45 GMT+05:30" duration-ms="162383">
      <class name="com.assesment.runner.Runner">
        <test-method is-config="true" signature="stepsBeforeTest()[pri:0, instance:com.assesment.runner.Runner@5fbdfdcf]" started-at="2022-01-18T16:10:02 GMT+05:30" name="stepsBeforeTest" finished-at="2022-01-18T16:10:04 GMT+05:30" duration-ms="1327" status="PASS">
          <reporter-output>
          </reporter-output>
        </test-method> <!-- stepsBeforeTest -->
        <test-method is-config="true" signature="stepsBeforeEveryTest()[pri:0, instance:com.assesment.runner.Runner@5fbdfdcf]" started-at="2022-01-18T16:10:04 GMT+05:30" name="stepsBeforeEveryTest" finished-at="2022-01-18T16:10:14 GMT+05:30" duration-ms="10170" status="PASS">
          <reporter-output>
          </reporter-output>
        </test-method> <!-- stepsBeforeEveryTest -->
        <test-method signature="getTitleTC001()[pri:1, instance:com.assesment.runner.Runner@5fbdfdcf]" started-at="2022-01-18T16:10:14 GMT+05:30" name="getTitleTC001" finished-at="2022-01-18T16:10:15 GMT+05:30" duration-ms="996" status="PASS">
          <reporter-output>
          </reporter-output>
        </test-method> <!-- getTitleTC001 -->
        <test-method is-config="true" signature="stepsAfterEveryTest()[pri:0, instance:com.assesment.runner.Runner@5fbdfdcf]" started-at="2022-01-18T16:10:15 GMT+05:30" name="stepsAfterEveryTest" finished-at="2022-01-18T16:10:16 GMT+05:30" duration-ms="580" status="PASS">
          <reporter-output>
          </reporter-output>
        </test-method> <!-- stepsAfterEveryTest -->
        <test-method is-config="true" signature="stepsBeforeEveryTest()[pri:0, instance:com.assesment.runner.Runner@5fbdfdcf]" started-at="2022-01-18T16:10:16 GMT+05:30" name="stepsBeforeEveryTest" finished-at="2022-01-18T16:10:24 GMT+05:30" duration-ms="8154" status="PASS">
          <reporter-output>
          </reporter-output>
        </test-method> <!-- stepsBeforeEveryTest -->
        <test-method signature="getAboutUsTC002()[pri:2, instance:com.assesment.runner.Runner@5fbdfdcf]" started-at="2022-01-18T16:10:24 GMT+05:30" name="getAboutUsTC002" finished-at="2022-01-18T16:10:34 GMT+05:30" duration-ms="10366" status="FAIL">
          <exception class="org.openqa.selenium.NoSuchElementException">
            <message>
              <![CDATA[no such element: Unable to locate element: {"method":"xpath","selector":"//*[@id="approot"]/mat-sidenav-container/mat-sidenav-content/app-about-us/div[3]/div/div[3]"}
  (Session info: chrome=97.0.4692.71)
For documentation on this error, please visit: https://www.seleniumhq.org/exceptions/no_such_element.html
Build info: version: '3.141.59', revision: 'e82be7d358', time: '2018-11-14T08:17:03'
System info: host: 'MINDSDET437', ip: '172.18.14.163', os.name: 'Windows 10', os.arch: 'amd64', os.version: '10.0', java.version: '17'
Driver info: org.openqa.selenium.chrome.ChromeDriver
Capabilities {acceptInsecureCerts: false, browserName: chrome, browserVersion: 97.0.4692.71, chrome: {chromedriverVersion: 96.0.4664.45 (76e4c1bb2ab46..., userDataDir: C:\Users\SDETMI~1\AppData\L...}, goog:chromeOptions: {debuggerAddress: localhost:63627}, javascriptEnabled: true, networkConnectionEnabled: false, pageLoadStrategy: normal, platform: WINDOWS, platformName: WINDOWS, proxy: Proxy(), setWindowRect: true, strictFileInteractability: false, timeouts: {implicit: 0, pageLoad: 300000, script: 30000}, unhandledPromptBehavior: dismiss and notify, webauthn:extension:credBlob: true, webauthn:extension:largeBlob: true, webauthn:virtualAuthenticators: true}
Session ID: 243b28c6a52f457821042148bb065294
*** Element info: {Using=xpath, value=//*[@id="approot"]/mat-sidenav-container/mat-sidenav-content/app-about-us/div[3]/div/div[3]}]]>
            </message>
            <full-stacktrace>
              <![CDATA[org.openqa.selenium.NoSuchElementException: no such element: Unable to locate element: {"method":"xpath","selector":"//*[@id="approot"]/mat-sidenav-container/mat-sidenav-content/app-about-us/div[3]/div/div[3]"}
  (Session info: chrome=97.0.4692.71)
For documentation on this error, please visit: https://www.seleniumhq.org/exceptions/no_such_element.html
Build info: version: '3.141.59', revision: 'e82be7d358', time: '2018-11-14T08:17:03'
System info: host: 'MINDSDET437', ip: '172.18.14.163', os.name: 'Windows 10', os.arch: 'amd64', os.version: '10.0', java.version: '17'
Driver info: org.openqa.selenium.chrome.ChromeDriver
Capabilities {acceptInsecureCerts: false, browserName: chrome, browserVersion: 97.0.4692.71, chrome: {chromedriverVersion: 96.0.4664.45 (76e4c1bb2ab46..., userDataDir: C:\Users\SDETMI~1\AppData\L...}, goog:chromeOptions: {debuggerAddress: localhost:63627}, javascriptEnabled: true, networkConnectionEnabled: false, pageLoadStrategy: normal, platform: WINDOWS, platformName: WINDOWS, proxy: Proxy(), setWindowRect: true, strictFileInteractability: false, timeouts: {implicit: 0, pageLoad: 300000, script: 30000}, unhandledPromptBehavior: dismiss and notify, webauthn:extension:credBlob: true, webauthn:extension:largeBlob: true, webauthn:virtualAuthenticators: true}
Session ID: 243b28c6a52f457821042148bb065294
*** Element info: {Using=xpath, value=//*[@id="approot"]/mat-sidenav-container/mat-sidenav-content/app-about-us/div[3]/div/div[3]}
at java.base/jdk.internal.reflect.NativeConstructorAccessorImpl.newInstance0(Native Method)
at java.base/jdk.internal.reflect.NativeConstructorAccessorImpl.newInstance(NativeConstructorAccessorImpl.java:77)
at java.base/jdk.internal.reflect.DelegatingConstructorAccessorImpl.newInstance(DelegatingConstructorAccessorImpl.java:45)
at java.base/java.lang.reflect.Constructor.newInstanceWithCaller(Constructor.java:499)
at java.base/java.lang.reflect.Constructor.newInstance(Constructor.java:480)
at org.openqa.selenium.remote.http.W3CHttpResponseCodec.createException(W3CHttpResponseCodec.java:187)
at org.openqa.selenium.remote.http.W3CHttpResponseCodec.decode(W3CHttpResponseCodec.java:122)
at org.openqa.selenium.remote.http.W3CHttpResponseCodec.decode(W3CHttpResponseCodec.java:49)
at org.openqa.selenium.remote.HttpCommandExecutor.execute(HttpCommandExecutor.java:158)
at org.openqa.selenium.remote.service.DriverCommandExecutor.execute(DriverCommandExecutor.java:83)
at org.openqa.selenium.remote.RemoteWebDriver.execute(RemoteWebDriver.java:552)
at org.openqa.selenium.remote.RemoteWebDriver.findElement(RemoteWebDriver.java:323)
at org.openqa.selenium.remote.RemoteWebDriver.findElementByXPath(RemoteWebDriver.java:428)
at org.openqa.selenium.By$ByXPath.findElement(By.java:353)
at org.openqa.selenium.remote.RemoteWebDriver.findElement(RemoteWebDriver.java:315)
at com.assesment.pageObject.AboutUsPage.getCeoName(AboutUsPage.java:16)
at com.assesment.runner.Runner.getAboutUsTC002(Runner.java:75)
at java.base/jdk.internal.reflect.NativeMethodAccessorImpl.invoke0(Native Method)
at java.base/jdk.internal.reflect.NativeMethodAccessorImpl.invoke(NativeMethodAccessorImpl.java:77)
at java.base/jdk.internal.reflect.DelegatingMethodAccessorImpl.invoke(DelegatingMethodAccessorImpl.java:43)
at java.base/java.lang.reflect.Method.invoke(Method.java:568)
at org.testng.internal.MethodInvocationHelper.invokeMethod(MethodInvocationHelper.java:133)
at org.testng.internal.TestInvoker.invokeMethod(TestInvoker.java:598)
at org.testng.internal.TestInvoker.invokeTestMethod(TestInvoker.java:173)
at org.testng.internal.MethodRunner.runInSequence(MethodRunner.java:46)
at org.testng.internal.TestInvoker$MethodInvocationAgent.invoke(TestInvoker.java:824)
at org.testng.internal.TestInvoker.invokeTestMethods(TestInvoker.java:146)
at org.testng.internal.TestMethodWorker.invokeTestMethods(TestMethodWorker.java:146)
at org.testng.internal.TestMethodWorker.run(TestMethodWorker.java:128)
at java.base/java.util.ArrayList.forEach(ArrayList.java:1511)
at org.testng.TestRunner.privateRun(TestRunner.java:794)
at org.testng.TestRunner.run(TestRunner.java:596)
at org.testng.SuiteRunner.runTest(SuiteRunner.java:377)
at org.testng.SuiteRunner.runSequentially(SuiteRunner.java:371)
at org.testng.SuiteRunner.privateRun(SuiteRunner.java:332)
at org.testng.SuiteRunner.run(SuiteRunner.java:276)
at org.testng.SuiteRunnerWorker.runSuite(SuiteRunnerWorker.java:53)
at org.testng.SuiteRunnerWorker.run(SuiteRunnerWorker.java:96)
at org.testng.TestNG.runSuitesSequentially(TestNG.java:1212)
at org.testng.TestNG.runSuitesLocally(TestNG.java:1134)
at org.testng.TestNG.runSuites(TestNG.java:1063)
at org.testng.TestNG.run(TestNG.java:1031)
at org.testng.remote.AbstractRemoteTestNG.run(AbstractRemoteTestNG.java:115)
at org.testng.remote.RemoteTestNG.initAndRun(RemoteTestNG.java:251)
at org.testng.remote.RemoteTestNG.main(RemoteTestNG.java:77)
]]>
            </full-stacktrace>
          </exception> <!-- org.openqa.selenium.NoSuchElementException -->
          <reporter-output>
          </reporter-output>
        </test-method> <!-- getAboutUsTC002 -->
        <test-method is-config="true" signature="stepsAfterEveryTest()[pri:0, instance:com.assesment.runner.Runner@5fbdfdcf]" started-at="2022-01-18T16:10:34 GMT+05:30" name="stepsAfterEveryTest" finished-at="2022-01-18T16:10:35 GMT+05:30" duration-ms="1250" status="PASS">
          <reporter-output>
          </reporter-output>
        </test-method> <!-- stepsAfterEveryTest -->
        <test-method is-config="true" signature="stepsBeforeEveryTest()[pri:0, instance:com.assesment.runner.Runner@5fbdfdcf]" started-at="2022-01-18T16:10:35 GMT+05:30" name="stepsBeforeEveryTest" finished-at="2022-01-18T16:10:43 GMT+05:30" duration-ms="7920" status="PASS">
          <reporter-output>
          </reporter-output>
        </test-method> <!-- stepsBeforeEveryTest -->
        <test-method signature="getContactUsTC003()[pri:3, instance:com.assesment.runner.Runner@5fbdfdcf]" started-at="2022-01-18T16:10:43 GMT+05:30" name="getContactUsTC003" finished-at="2022-01-18T16:10:54 GMT+05:30" duration-ms="10277" status="FAIL">
          <exception class="org.openqa.selenium.NoSuchElementException">
            <message>
              <![CDATA[no such element: Unable to locate element: {"method":"xpath","selector":"//*[@id="approot"]/mat-sidenav-container/mat-sidenav-content/app-contact-us/div[3]/div/div[1]/div[2]/div[2]/p/a/span"}
  (Session info: chrome=97.0.4692.71)
For documentation on this error, please visit: https://www.seleniumhq.org/exceptions/no_such_element.html
Build info: version: '3.141.59', revision: 'e82be7d358', time: '2018-11-14T08:17:03'
System info: host: 'MINDSDET437', ip: '172.18.14.163', os.name: 'Windows 10', os.arch: 'amd64', os.version: '10.0', java.version: '17'
Driver info: org.openqa.selenium.chrome.ChromeDriver
Capabilities {acceptInsecureCerts: false, browserName: chrome, browserVersion: 97.0.4692.71, chrome: {chromedriverVersion: 96.0.4664.45 (76e4c1bb2ab46..., userDataDir: C:\Users\SDETMI~1\AppData\L...}, goog:chromeOptions: {debuggerAddress: localhost:63676}, javascriptEnabled: true, networkConnectionEnabled: false, pageLoadStrategy: normal, platform: WINDOWS, platformName: WINDOWS, proxy: Proxy(), setWindowRect: true, strictFileInteractability: false, timeouts: {implicit: 0, pageLoad: 300000, script: 30000}, unhandledPromptBehavior: dismiss and notify, webauthn:extension:credBlob: true, webauthn:extension:largeBlob: true, webauthn:virtualAuthenticators: true}
Session ID: 1b87da9c97c353dea3ff02ba9b459734
*** Element info: {Using=xpath, value=//*[@id="approot"]/mat-sidenav-container/mat-sidenav-content/app-contact-us/div[3]/div/div[1]/div[2]/div[2]/p/a/span}]]>
            </message>
            <full-stacktrace>
              <![CDATA[org.openqa.selenium.NoSuchElementException: no such element: Unable to locate element: {"method":"xpath","selector":"//*[@id="approot"]/mat-sidenav-container/mat-sidenav-content/app-contact-us/div[3]/div/div[1]/div[2]/div[2]/p/a/span"}
  (Session info: chrome=97.0.4692.71)
For documentation on this error, please visit: https://www.seleniumhq.org/exceptions/no_such_element.html
Build info: version: '3.141.59', revision: 'e82be7d358', time: '2018-11-14T08:17:03'
System info: host: 'MINDSDET437', ip: '172.18.14.163', os.name: 'Windows 10', os.arch: 'amd64', os.version: '10.0', java.version: '17'
Driver info: org.openqa.selenium.chrome.ChromeDriver
Capabilities {acceptInsecureCerts: false, browserName: chrome, browserVersion: 97.0.4692.71, chrome: {chromedriverVersion: 96.0.4664.45 (76e4c1bb2ab46..., userDataDir: C:\Users\SDETMI~1\AppData\L...}, goog:chromeOptions: {debuggerAddress: localhost:63676}, javascriptEnabled: true, networkConnectionEnabled: false, pageLoadStrategy: normal, platform: WINDOWS, platformName: WINDOWS, proxy: Proxy(), setWindowRect: true, strictFileInteractability: false, timeouts: {implicit: 0, pageLoad: 300000, script: 30000}, unhandledPromptBehavior: dismiss and notify, webauthn:extension:credBlob: true, webauthn:extension:largeBlob: true, webauthn:virtualAuthenticators: true}
Session ID: 1b87da9c97c353dea3ff02ba9b459734
*** Element info: {Using=xpath, value=//*[@id="approot"]/mat-sidenav-container/mat-sidenav-content/app-contact-us/div[3]/div/div[1]/div[2]/div[2]/p/a/span}
at java.base/jdk.internal.reflect.NativeConstructorAccessorImpl.newInstance0(Native Method)
at java.base/jdk.internal.reflect.NativeConstructorAccessorImpl.newInstance(NativeConstructorAccessorImpl.java:77)
at java.base/jdk.internal.reflect.DelegatingConstructorAccessorImpl.newInstance(DelegatingConstructorAccessorImpl.java:45)
at java.base/java.lang.reflect.Constructor.newInstanceWithCaller(Constructor.java:499)
at java.base/java.lang.reflect.Constructor.newInstance(Constructor.java:480)
at org.openqa.selenium.remote.http.W3CHttpResponseCodec.createException(W3CHttpResponseCodec.java:187)
at org.openqa.selenium.remote.http.W3CHttpResponseCodec.decode(W3CHttpResponseCodec.java:122)
at org.openqa.selenium.remote.http.W3CHttpResponseCodec.decode(W3CHttpResponseCodec.java:49)
at org.openqa.selenium.remote.HttpCommandExecutor.execute(HttpCommandExecutor.java:158)
at org.openqa.selenium.remote.service.DriverCommandExecutor.execute(DriverCommandExecutor.java:83)
at org.openqa.selenium.remote.RemoteWebDriver.execute(RemoteWebDriver.java:552)
at org.openqa.selenium.remote.RemoteWebDriver.findElement(RemoteWebDriver.java:323)
at org.openqa.selenium.remote.RemoteWebDriver.findElementByXPath(RemoteWebDriver.java:428)
at org.openqa.selenium.By$ByXPath.findElement(By.java:353)
at org.openqa.selenium.remote.RemoteWebDriver.findElement(RemoteWebDriver.java:315)
at com.assesment.pageObject.ContactUsPage.getContactNumber(ContactUsPage.java:22)
at com.assesment.runner.Runner.getContactUsTC003(Runner.java:94)
at java.base/jdk.internal.reflect.NativeMethodAccessorImpl.invoke0(Native Method)
at java.base/jdk.internal.reflect.NativeMethodAccessorImpl.invoke(NativeMethodAccessorImpl.java:77)
at java.base/jdk.internal.reflect.DelegatingMethodAccessorImpl.invoke(DelegatingMethodAccessorImpl.java:43)
at java.base/java.lang.reflect.Method.invoke(Method.java:568)
at org.testng.internal.MethodInvocationHelper.invokeMethod(MethodInvocationHelper.java:133)
at org.testng.internal.TestInvoker.invokeMethod(TestInvoker.java:598)
at org.testng.internal.TestInvoker.invokeTestMethod(TestInvoker.java:173)
at org.testng.internal.MethodRunner.runInSequence(MethodRunner.java:46)
at org.testng.internal.TestInvoker$MethodInvocationAgent.invoke(TestInvoker.java:824)
at org.testng.internal.TestInvoker.invokeTestMethods(TestInvoker.java:146)
at org.testng.internal.TestMethodWorker.invokeTestMethods(TestMethodWorker.java:146)
at org.testng.internal.TestMethodWorker.run(TestMethodWorker.java:128)
at java.base/java.util.ArrayList.forEach(ArrayList.java:1511)
at org.testng.TestRunner.privateRun(TestRunner.java:794)
at org.testng.TestRunner.run(TestRunner.java:596)
at org.testng.SuiteRunner.runTest(SuiteRunner.java:377)
at org.testng.SuiteRunner.runSequentially(SuiteRunner.java:371)
at org.testng.SuiteRunner.privateRun(SuiteRunner.java:332)
at org.testng.SuiteRunner.run(SuiteRunner.java:276)
at org.testng.SuiteRunnerWorker.runSuite(SuiteRunnerWorker.java:53)
at org.testng.SuiteRunnerWorker.run(SuiteRunnerWorker.java:96)
at org.testng.TestNG.runSuitesSequentially(TestNG.java:1212)
at org.testng.TestNG.runSuitesLocally(TestNG.java:1134)
at org.testng.TestNG.runSuites(TestNG.java:1063)
at org.testng.TestNG.run(TestNG.java:1031)
at org.testng.remote.AbstractRemoteTestNG.run(AbstractRemoteTestNG.java:115)
at org.testng.remote.RemoteTestNG.initAndRun(RemoteTestNG.java:251)
at org.testng.remote.RemoteTestNG.main(RemoteTestNG.java:77)
]]>
            </full-stacktrace>
          </exception> <!-- org.openqa.selenium.NoSuchElementException -->
          <reporter-output>
          </reporter-output>
        </test-method> <!-- getContactUsTC003 -->
        <test-method is-config="true" signature="stepsAfterEveryTest()[pri:0, instance:com.assesment.runner.Runner@5fbdfdcf]" started-at="2022-01-18T16:10:54 GMT+05:30" name="stepsAfterEveryTest" finished-at="2022-01-18T16:10:55 GMT+05:30" duration-ms="1210" status="PASS">
          <reporter-output>
          </reporter-output>
        </test-method> <!-- stepsAfterEveryTest -->
        <test-method is-config="true" signature="stepsBeforeEveryTest()[pri:0, instance:com.assesment.runner.Runner@5fbdfdcf]" started-at="2022-01-18T16:10:55 GMT+05:30" name="stepsBeforeEveryTest" finished-at="2022-01-18T16:11:02 GMT+05:30" duration-ms="6987" status="PASS">
          <reporter-output>
          </reporter-output>
        </test-method> <!-- stepsBeforeEveryTest -->
        <test-method signature="getAppDownloadLinkTC004()[pri:4, instance:com.assesment.runner.Runner@5fbdfdcf]" started-at="2022-01-18T16:11:02 GMT+05:30" name="getAppDownloadLinkTC004" finished-at="2022-01-18T16:11:12 GMT+05:30" duration-ms="10310" status="FAIL">
          <exception class="org.openqa.selenium.NoSuchElementException">
            <message>
              <![CDATA[no such element: Unable to locate element: {"method":"xpath","selector":"//button[@class='Bovvxc']"}
  (Session info: chrome=97.0.4692.71)
For documentation on this error, please visit: https://www.seleniumhq.org/exceptions/no_such_element.html
Build info: version: '3.141.59', revision: 'e82be7d358', time: '2018-11-14T08:17:03'
System info: host: 'MINDSDET437', ip: '172.18.14.163', os.name: 'Windows 10', os.arch: 'amd64', os.version: '10.0', java.version: '17'
Driver info: org.openqa.selenium.chrome.ChromeDriver
Capabilities {acceptInsecureCerts: false, browserName: chrome, browserVersion: 97.0.4692.71, chrome: {chromedriverVersion: 96.0.4664.45 (76e4c1bb2ab46..., userDataDir: C:\Users\SDETMI~1\AppData\L...}, goog:chromeOptions: {debuggerAddress: localhost:63738}, javascriptEnabled: true, networkConnectionEnabled: false, pageLoadStrategy: normal, platform: WINDOWS, platformName: WINDOWS, proxy: Proxy(), setWindowRect: true, strictFileInteractability: false, timeouts: {implicit: 0, pageLoad: 300000, script: 30000}, unhandledPromptBehavior: dismiss and notify, webauthn:extension:credBlob: true, webauthn:extension:largeBlob: true, webauthn:virtualAuthenticators: true}
Session ID: 8e37a34b11642f65dc4b54fbee63fecd
*** Element info: {Using=xpath, value=//button[@class='Bovvxc']}]]>
            </message>
            <full-stacktrace>
              <![CDATA[org.openqa.selenium.NoSuchElementException: no such element: Unable to locate element: {"method":"xpath","selector":"//button[@class='Bovvxc']"}
  (Session info: chrome=97.0.4692.71)
For documentation on this error, please visit: https://www.seleniumhq.org/exceptions/no_such_element.html
Build info: version: '3.141.59', revision: 'e82be7d358', time: '2018-11-14T08:17:03'
System info: host: 'MINDSDET437', ip: '172.18.14.163', os.name: 'Windows 10', os.arch: 'amd64', os.version: '10.0', java.version: '17'
Driver info: org.openqa.selenium.chrome.ChromeDriver
Capabilities {acceptInsecureCerts: false, browserName: chrome, browserVersion: 97.0.4692.71, chrome: {chromedriverVersion: 96.0.4664.45 (76e4c1bb2ab46..., userDataDir: C:\Users\SDETMI~1\AppData\L...}, goog:chromeOptions: {debuggerAddress: localhost:63738}, javascriptEnabled: true, networkConnectionEnabled: false, pageLoadStrategy: normal, platform: WINDOWS, platformName: WINDOWS, proxy: Proxy(), setWindowRect: true, strictFileInteractability: false, timeouts: {implicit: 0, pageLoad: 300000, script: 30000}, unhandledPromptBehavior: dismiss and notify, webauthn:extension:credBlob: true, webauthn:extension:largeBlob: true, webauthn:virtualAuthenticators: true}
Session ID: 8e37a34b11642f65dc4b54fbee63fecd
*** Element info: {Using=xpath, value=//button[@class='Bovvxc']}
at java.base/jdk.internal.reflect.NativeConstructorAccessorImpl.newInstance0(Native Method)
at java.base/jdk.internal.reflect.NativeConstructorAccessorImpl.newInstance(NativeConstructorAccessorImpl.java:77)
at java.base/jdk.internal.reflect.DelegatingConstructorAccessorImpl.newInstance(DelegatingConstructorAccessorImpl.java:45)
at java.base/java.lang.reflect.Constructor.newInstanceWithCaller(Constructor.java:499)
at java.base/java.lang.reflect.Constructor.newInstance(Constructor.java:480)
at org.openqa.selenium.remote.http.W3CHttpResponseCodec.createException(W3CHttpResponseCodec.java:187)
at org.openqa.selenium.remote.http.W3CHttpResponseCodec.decode(W3CHttpResponseCodec.java:122)
at org.openqa.selenium.remote.http.W3CHttpResponseCodec.decode(W3CHttpResponseCodec.java:49)
at org.openqa.selenium.remote.HttpCommandExecutor.execute(HttpCommandExecutor.java:158)
at org.openqa.selenium.remote.service.DriverCommandExecutor.execute(DriverCommandExecutor.java:83)
at org.openqa.selenium.remote.RemoteWebDriver.execute(RemoteWebDriver.java:552)
at org.openqa.selenium.remote.RemoteWebDriver.findElement(RemoteWebDriver.java:323)
at org.openqa.selenium.remote.RemoteWebDriver.findElementByXPath(RemoteWebDriver.java:428)
at org.openqa.selenium.By$ByXPath.findElement(By.java:353)
at org.openqa.selenium.remote.RemoteWebDriver.findElement(RemoteWebDriver.java:315)
at com.assesment.pageObject.AppDownloadPage.getAddToWishlist(AppDownloadPage.java:17)
at com.assesment.runner.Runner.getAppDownloadLinkTC004(Runner.java:111)
at java.base/jdk.internal.reflect.NativeMethodAccessorImpl.invoke0(Native Method)
at java.base/jdk.internal.reflect.NativeMethodAccessorImpl.invoke(NativeMethodAccessorImpl.java:77)
at java.base/jdk.internal.reflect.DelegatingMethodAccessorImpl.invoke(DelegatingMethodAccessorImpl.java:43)
at java.base/java.lang.reflect.Method.invoke(Method.java:568)
at org.testng.internal.MethodInvocationHelper.invokeMethod(MethodInvocationHelper.java:133)
at org.testng.internal.TestInvoker.invokeMethod(TestInvoker.java:598)
at org.testng.internal.TestInvoker.invokeTestMethod(TestInvoker.java:173)
at org.testng.internal.MethodRunner.runInSequence(MethodRunner.java:46)
at org.testng.internal.TestInvoker$MethodInvocationAgent.invoke(TestInvoker.java:824)
at org.testng.internal.TestInvoker.invokeTestMethods(TestInvoker.java:146)
at org.testng.internal.TestMethodWorker.invokeTestMethods(TestMethodWorker.java:146)
at org.testng.internal.TestMethodWorker.run(TestMethodWorker.java:128)
at java.base/java.util.ArrayList.forEach(ArrayList.java:1511)
at org.testng.TestRunner.privateRun(TestRunner.java:794)
at org.testng.TestRunner.run(TestRunner.java:596)
at org.testng.SuiteRunner.runTest(SuiteRunner.java:377)
at org.testng.SuiteRunner.runSequentially(SuiteRunner.java:371)
at org.testng.SuiteRunner.privateRun(SuiteRunner.java:332)
at org.testng.SuiteRunner.run(SuiteRunner.java:276)
at org.testng.SuiteRunnerWorker.runSuite(SuiteRunnerWorker.java:53)
at org.testng.SuiteRunnerWorker.run(SuiteRunnerWorker.java:96)
at org.testng.TestNG.runSuitesSequentially(TestNG.java:1212)
at org.testng.TestNG.runSuitesLocally(TestNG.java:1134)
at org.testng.TestNG.runSuites(TestNG.java:1063)
at org.testng.TestNG.run(TestNG.java:1031)
at org.testng.remote.AbstractRemoteTestNG.run(AbstractRemoteTestNG.java:115)
at org.testng.remote.RemoteTestNG.initAndRun(RemoteTestNG.java:251)
at org.testng.remote.RemoteTestNG.main(RemoteTestNG.java:77)
]]>
            </full-stacktrace>
          </exception> <!-- org.openqa.selenium.NoSuchElementException -->
          <reporter-output>
          </reporter-output>
        </test-method> <!-- getAppDownloadLinkTC004 -->
        <test-method is-config="true" signature="stepsAfterEveryTest()[pri:0, instance:com.assesment.runner.Runner@5fbdfdcf]" started-at="2022-01-18T16:11:12 GMT+05:30" name="stepsAfterEveryTest" finished-at="2022-01-18T16:11:12 GMT+05:30" duration-ms="311" status="PASS">
          <reporter-output>
          </reporter-output>
        </test-method> <!-- stepsAfterEveryTest -->
        <test-method is-config="true" signature="stepsBeforeEveryTest()[pri:0, instance:com.assesment.runner.Runner@5fbdfdcf]" started-at="2022-01-18T16:11:12 GMT+05:30" name="stepsBeforeEveryTest" finished-at="2022-01-18T16:11:20 GMT+05:30" duration-ms="7913" status="PASS">
          <reporter-output>
          </reporter-output>
        </test-method> <!-- stepsBeforeEveryTest -->
        <test-method signature="validateSelectCarTC005()[pri:5, instance:com.assesment.runner.Runner@5fbdfdcf]" started-at="2022-01-18T16:11:20 GMT+05:30" name="validateSelectCarTC005" finished-at="2022-01-18T16:11:27 GMT+05:30" duration-ms="7159" status="PASS">
          <reporter-output>
          </reporter-output>
        </test-method> <!-- validateSelectCarTC005 -->
        <test-method is-config="true" signature="stepsAfterEveryTest()[pri:0, instance:com.assesment.runner.Runner@5fbdfdcf]" started-at="2022-01-18T16:11:27 GMT+05:30" name="stepsAfterEveryTest" finished-at="2022-01-18T16:11:29 GMT+05:30" duration-ms="1808" status="PASS">
          <reporter-output>
          </reporter-output>
        </test-method> <!-- stepsAfterEveryTest -->
        <test-method is-config="true" signature="stepsBeforeEveryTest()[pri:0, instance:com.assesment.runner.Runner@5fbdfdcf]" started-at="2022-01-18T16:11:29 GMT+05:30" name="stepsBeforeEveryTest" finished-at="2022-01-18T16:11:36 GMT+05:30" duration-ms="6821" status="PASS">
          <reporter-output>
          </reporter-output>
        </test-method> <!-- stepsBeforeEveryTest -->
        <test-method signature="validateCarBookingLinkTestTC006()[pri:6, instance:com.assesment.runner.Runner@5fbdfdcf]" started-at="2022-01-18T16:11:36 GMT+05:30" name="validateCarBookingLinkTestTC006" finished-at="2022-01-18T16:11:38 GMT+05:30" duration-ms="1511" status="PASS">
          <reporter-output>
          </reporter-output>
        </test-method> <!-- validateCarBookingLinkTestTC006 -->
        <test-method is-config="true" signature="stepsAfterEveryTest()[pri:0, instance:com.assesment.runner.Runner@5fbdfdcf]" started-at="2022-01-18T16:11:38 GMT+05:30" name="stepsAfterEveryTest" finished-at="2022-01-18T16:11:38 GMT+05:30" duration-ms="351" status="PASS">
          <reporter-output>
          </reporter-output>
        </test-method> <!-- stepsAfterEveryTest -->
        <test-method is-config="true" signature="stepsBeforeEveryTest()[pri:0, instance:com.assesment.runner.Runner@5fbdfdcf]" started-at="2022-01-18T16:11:38 GMT+05:30" name="stepsBeforeEveryTest" finished-at="2022-01-18T16:11:47 GMT+05:30" duration-ms="8768" status="PASS">
          <reporter-output>
          </reporter-output>
        </test-method> <!-- stepsBeforeEveryTest -->
        <test-method signature="validateLoginTC007()[pri:7, instance:com.assesment.runner.Runner@5fbdfdcf]" started-at="2022-01-18T16:11:47 GMT+05:30" name="validateLoginTC007" finished-at="2022-01-18T16:11:47 GMT+05:30" duration-ms="774" status="PASS">
          <reporter-output>
          </reporter-output>
        </test-method> <!-- validateLoginTC007 -->
        <test-method is-config="true" signature="stepsAfterEveryTest()[pri:0, instance:com.assesment.runner.Runner@5fbdfdcf]" started-at="2022-01-18T16:11:47 GMT+05:30" name="stepsAfterEveryTest" finished-at="2022-01-18T16:11:48 GMT+05:30" duration-ms="317" status="PASS">
          <reporter-output>
          </reporter-output>
        </test-method> <!-- stepsAfterEveryTest -->
        <test-method is-config="true" signature="stepsBeforeEveryTest()[pri:0, instance:com.assesment.runner.Runner@5fbdfdcf]" started-at="2022-01-18T16:11:48 GMT+05:30" name="stepsBeforeEveryTest" finished-at="2022-01-18T16:11:55 GMT+05:30" duration-ms="7437" status="PASS">
          <reporter-output>
          </reporter-output>
        </test-method> <!-- stepsBeforeEveryTest -->
        <test-method signature="validateOneWayTripTC008()[pri:8, instance:com.assesment.runner.Runner@5fbdfdcf]" started-at="2022-01-18T16:11:55 GMT+05:30" name="validateOneWayTripTC008" finished-at="2022-01-18T16:12:03 GMT+05:30" duration-ms="7679" status="PASS">
          <reporter-output>
          </reporter-output>
        </test-method> <!-- validateOneWayTripTC008 -->
        <test-method is-config="true" signature="stepsAfterEveryTest()[pri:0, instance:com.assesment.runner.Runner@5fbdfdcf]" started-at="2022-01-18T16:12:03 GMT+05:30" name="stepsAfterEveryTest" finished-at="2022-01-18T16:12:03 GMT+05:30" duration-ms="374" status="PASS">
          <reporter-output>
          </reporter-output>
        </test-method> <!-- stepsAfterEveryTest -->
        <test-method is-config="true" signature="stepsBeforeEveryTest()[pri:0, instance:com.assesment.runner.Runner@5fbdfdcf]" started-at="2022-01-18T16:12:03 GMT+05:30" name="stepsBeforeEveryTest" finished-at="2022-01-18T16:12:09 GMT+05:30" duration-ms="5684" status="PASS">
          <reporter-output>
          </reporter-output>
        </test-method> <!-- stepsBeforeEveryTest -->
        <test-method signature="validateRoundWayTripTC009()[pri:9, instance:com.assesment.runner.Runner@5fbdfdcf]" started-at="2022-01-18T16:12:09 GMT+05:30" name="validateRoundWayTripTC009" finished-at="2022-01-18T16:12:20 GMT+05:30" duration-ms="11310" status="PASS">
          <reporter-output>
          </reporter-output>
        </test-method> <!-- validateRoundWayTripTC009 -->
        <test-method is-config="true" signature="stepsAfterEveryTest()[pri:0, instance:com.assesment.runner.Runner@5fbdfdcf]" started-at="2022-01-18T16:12:20 GMT+05:30" name="stepsAfterEveryTest" finished-at="2022-01-18T16:12:21 GMT+05:30" duration-ms="480" status="PASS">
          <reporter-output>
          </reporter-output>
        </test-method> <!-- stepsAfterEveryTest -->
        <test-method is-config="true" signature="stepsBeforeEveryTest()[pri:0, instance:com.assesment.runner.Runner@5fbdfdcf]" started-at="2022-01-18T16:12:21 GMT+05:30" name="stepsBeforeEveryTest" finished-at="2022-01-18T16:12:29 GMT+05:30" duration-ms="7885" status="PASS">
          <reporter-output>
          </reporter-output>
        </test-method> <!-- stepsBeforeEveryTest -->
        <test-method signature="validatePriceOfCarAirportTripTC010()[pri:10, instance:com.assesment.runner.Runner@5fbdfdcf]" started-at="2022-01-18T16:12:29 GMT+05:30" name="validatePriceOfCarAirportTripTC010" finished-at="2022-01-18T16:12:44 GMT+05:30" duration-ms="15657" status="PASS">
          <reporter-output>
          </reporter-output>
        </test-method> <!-- validatePriceOfCarAirportTripTC010 -->
        <test-method is-config="true" signature="stepsAfterEveryTest()[pri:0, instance:com.assesment.runner.Runner@5fbdfdcf]" started-at="2022-01-18T16:12:44 GMT+05:30" name="stepsAfterEveryTest" finished-at="2022-01-18T16:12:45 GMT+05:30" duration-ms="495" status="PASS">
          <reporter-output>
          </reporter-output>
        </test-method> <!-- stepsAfterEveryTest -->
      </class> <!-- com.assesment.runner.Runner -->
    </test> <!-- Default test -->
  </suite> <!-- Default suite -->
</testng-results>
